2026-07-08 18:41:46,173 [INFO] NvidiaVideoToolkit: NVIDIA AI 视频工具套件 启动
2026-07-08 18:41:47,681 [INFO] NvidiaVideoToolkit: GPU 检测完成:
==================================================
  NVIDIA GPU / CUDA 状态
==================================================
  GPU #0: NVIDIA GeForce RTX 5070 Laptop GPU
        VRAM: 8151 MB (8.0 GB)
  CUDA 可用: False
  NVENC 可用: False
  FFmpeg 可用: False
  推荐精度: fp32
==================================================
2026-07-08 19:35:44,759 [INFO] NvidiaVideoToolkit: NVIDIA AI 视频工具套件 启动
2026-07-08 19:35:47,239 [INFO] NvidiaVideoToolkit: GPU 检测完成:
==================================================
  NVIDIA GPU / CUDA 状态
==================================================
  GPU #0: NVIDIA GeForce RTX 5070 Laptop GPU
        VRAM: 8151 MB (8.0 GB)
  CUDA 可用: False
  NVENC 可用: False
  FFmpeg 可用: False
  推荐精度: fp32
==================================================
2026-07-08 21:30:59,718 [INFO] NvidiaVideoToolkit: NVIDIA AI 视频工具套件 启动
2026-07-08 21:31:02,024 [INFO] NvidiaVideoToolkit: GPU 检测完成:
==================================================
  NVIDIA GPU / CUDA 状态
==================================================
  GPU #0: NVIDIA GeForce RTX 5070 Laptop GPU
        VRAM: 8151 MB (8.0 GB)
  CUDA 可用: False
  NVENC 可用: False
  FFmpeg 可用: False
  推荐精度: fp32
==================================================
2026-07-08 21:31:11,687 [INFO] NvidiaVideoToolkit: NVIDIA AI 视频工具套件 启动
2026-07-08 21:31:13,219 [INFO] NvidiaVideoToolkit: GPU 检测完成:
==================================================
  NVIDIA GPU / CUDA 状态
==================================================
  GPU #0: NVIDIA GeForce RTX 5070 Laptop GPU
        VRAM: 8151 MB (8.0 GB)
  CUDA 可用: False
  NVENC 可用: False
  FFmpeg 可用: False
  推荐精度: fp32
==================================================
2026-07-08 21:34:37,497 [INFO] NvidiaVideoToolkit: NVIDIA AI 视频工具套件 启动
2026-07-08 21:34:39,035 [INFO] NvidiaVideoToolkit: GPU 检测完成:
==================================================
  NVIDIA GPU / CUDA 状态
==================================================
  GPU #0: NVIDIA GeForce RTX 5070 Laptop GPU
        VRAM: 8151 MB (8.0 GB)
  CUDA 可用: False
  NVENC 可用: False
  FFmpeg 可用: False
  推荐精度: fp32
==================================================
2026-07-08 21:39:09,218 [INFO] NvidiaVideoToolkit: NVIDIA AI 视频工具套件 启动
2026-07-08 21:39:10,782 [INFO] NvidiaVideoToolkit: GPU 检测完成:
==================================================
  NVIDIA GPU / CUDA 状态
==================================================
  GPU #0: NVIDIA GeForce RTX 5070 Laptop GPU
        VRAM: 8151 MB (8.0 GB)
  CUDA 可用: False
  NVENC 可用: False
  FFmpeg 可用: False
  推荐精度: fp32
==================================================
